<?xml version="1.0" encoding="UTF-8"?>

<mule version="EE-3.8.5" 
	xmlns:vm="http://www.mulesoft.org/schema/mule/vm"
	xmlns="http://www.mulesoft.org/schema/mule/core" 
	xmlns:doc="http://www.mulesoft.org/schema/mule/documentation"
	xmlns:spring="http://www.springframework.org/schema/beans" 
	xmlns:xsi="http://www.w3.org/2001/XMLSchema-instance"
	xsi:schemaLocation="
http://www.mulesoft.org/schema/mule/vm http://www.mulesoft.org/schema/mule/vm/current/mule-vm.xsd 
http://www.springframework.org/schema/beans http://www.springframework.org/schema/beans/spring-beans-current.xsd
http://www.mulesoft.org/schema/mule/core http://www.mulesoft.org/schema/mule/core/current/mule.xsd">


	<flow name="NegateFloe">
        <vm:inbound-endpoint exchange-pattern="one-way" path="negateq" doc:name="VM"/>
        <component class="com.mulesoft.training.Calc" doc:name="Java">
        	<method-entry-point-resolver>
        		<include-entry-point method="negate"/>
        	</method-entry-point-resolver>
        
        </component>
        <vm:outbound-endpoint exchange-pattern="one-way" path="respq" doc:name="VM"/>
    </flow>
    
    <flow name="SquareFlow">
        <vm:inbound-endpoint exchange-pattern="one-way" path="squareq" doc:name="VM"/>
        <component class="com.mulesoft.training.Calc" doc:name="Java">
        	<method-entry-point-resolver>
        		<include-entry-point method="square"/>
        	</method-entry-point-resolver>        
        </component>
        <vm:outbound-endpoint exchange-pattern="one-way" path="negateq" doc:name="VM"/>
    </flow>

</mule>
